{
  "RSpec": {
    "coverage": {
      "/Users/christhomas/Paringprojectsproper/Oyster-Cards/spec/journey_log_spec.rb": {
        "lines": [
          null,
          null,
          1,
          null,
          1,
          1,
          3,
          null,
          1,
          1,
          1,
          null,
          null,
          1,
          1,
          1,
          1,
          null,
          null,
          1,
          1,
          null,
          null,
          null,
          1,
          1,
          1,
          1,
          null,
          null,
          1,
          1,
          1,
          1,
          null,
          null,
          1,
          1,
          1,
          1,
          null,
          null,
          1,
          1,
          1,
          1,
          null,
          null,
          1,
          1,
          1,
          1,
          1,
          1,
          1,
          1,
          1,
          1,
          null,
          null,
          null,
          1,
          1,
          null,
          null
        ]
      },
      "/Users/christhomas/Paringprojectsproper/Oyster-Cards/lib/journey_log.rb": {
        "lines": [
          null,
          null,
          null,
          1,
          1,
          null,
          1,
          38,
          38,
          38,
          38,
          null,
          null,
          1,
          3,
          null,
          null,
          1,
          13,
          13,
          13,
          13,
          null,
          null,
          1,
          9,
          9,
          9,
          null,
          null,
          1,
          1,
          null,
          null,
          1,
          17,
          17,
          17,
          17,
          17,
          null,
          null
        ]
      },
      "/Users/christhomas/Paringprojectsproper/Oyster-Cards/spec/journey_spec.rb": {
        "lines": [
          null,
          null,
          1,
          null,
          1,
          1,
          1,
          1,
          null,
          null,
          1,
          1,
          1,
          null,
          null,
          1,
          1,
          1,
          1,
          1,
          null,
          null,
          1,
          1,
          1,
          1,
          1,
          null,
          null,
          1,
          1,
          1,
          null,
          null,
          1,
          1,
          null,
          null,
          1,
          1,
          null,
          null,
          1,
          1,
          null,
          null,
          1,
          1,
          null,
          null,
          1,
          1,
          1,
          1,
          1,
          null,
          null,
          1,
          1,
          1,
          null,
          null,
          null
        ]
      },
      "/Users/christhomas/Paringprojectsproper/Oyster-Cards/lib/journey.rb": {
        "lines": [
          null,
          null,
          null,
          1,
          1,
          null,
          1,
          29,
          null,
          null,
          1,
          6,
          null,
          5,
          null,
          1,
          1,
          null,
          0,
          null,
          null,
          null,
          null,
          1,
          8,
          null,
          5,
          null,
          3,
          null,
          null,
          null,
          1,
          3,
          3,
          3,
          2,
          null,
          1,
          null,
          null,
          1,
          7,
          6,
          6,
          null,
          1,
          null,
          null,
          null,
          1,
          4,
          1,
          1,
          null,
          3,
          null,
          null,
          null
        ]
      },
      "/Users/christhomas/Paringprojectsproper/Oyster-Cards/spec/oystercard_spec.rb": {
        "lines": [
          null,
          null,
          1,
          null,
          1,
          1,
          1,
          null,
          null,
          1,
          1,
          1,
          null,
          null,
          1,
          1,
          1,
          1,
          null,
          null,
          1,
          2,
          null,
          null,
          1,
          1,
          4,
          null,
          null,
          1,
          1,
          null,
          null,
          1,
          2,
          null,
          null,
          null,
          1,
          1,
          1,
          1,
          1,
          null,
          null,
          1,
          2,
          null,
          null,
          1,
          1,
          1,
          2,
          null,
          null,
          null,
          1,
          1,
          1,
          null,
          null,
          1,
          1,
          null,
          null,
          1,
          1,
          1,
          1,
          null,
          null,
          null,
          1,
          1,
          1,
          null,
          null,
          1,
          1,
          1,
          1,
          1,
          null,
          null,
          1,
          2,
          null,
          null,
          1,
          1,
          1,
          4,
          null,
          null,
          null,
          1,
          1,
          2,
          null,
          null,
          null
        ]
      },
      "/Users/christhomas/Paringprojectsproper/Oyster-Cards/lib/oystercard.rb": {
        "lines": [
          null,
          null,
          1,
          1,
          null,
          null,
          1,
          1,
          null,
          1,
          1,
          1,
          null,
          1,
          18,
          18,
          18,
          18,
          18,
          null,
          null,
          1,
          11,
          10,
          null,
          null,
          1,
          5,
          4,
          4,
          0,
          0,
          null,
          4,
          null,
          null,
          1,
          3,
          3,
          3,
          3,
          null,
          null,
          1,
          null,
          1,
          6,
          5,
          null,
          null,
          1,
          11,
          null,
          null,
          1,
          11,
          null,
          null
        ]
      },
      "/Users/christhomas/Paringprojectsproper/Oyster-Cards/lib/station.rb": {
        "lines": [
          null,
          null,
          null,
          1,
          1,
          null,
          1,
          19,
          19,
          null,
          null,
          1,
          19,
          null,
          19,
          null,
          null
        ]
      },
      "/Users/christhomas/Paringprojectsproper/Oyster-Cards/spec/station_spec.rb": {
        "lines": [
          null,
          null,
          1,
          null,
          1,
          1,
          5,
          null,
          1,
          1,
          null,
          null,
          1,
          1,
          null,
          null,
          1,
          1,
          null,
          null,
          1,
          1,
          null,
          null,
          null
        ]
      }
    },
    "timestamp": 1637686754
  }
}
