{
  "RSpec": {
    "coverage": {
      "/Users/alfonsoghislieri/Coding/Oyster-Cards/spec/journey_log_spec.rb": {
        "lines": [
          1,
          null,
          1,
          null,
          1,
          3,
          null,
          1,
          1,
          1,
          null,
          null,
          1,
          1,
          1,
          1,
          null,
          null,
          1,
          1,
          null,
          null,
          null,
          null,
          1,
          null,
          1,
          1,
          1,
          null,
          null,
          1,
          1,
          1,
          1,
          null,
          null,
          1,
          1,
          1,
          1,
          null,
          null,
          1,
          1,
          1,
          1,
          1,
          1,
          1,
          1,
          1,
          1,
          null,
          null,
          null,
          null
        ]
      },
      "/Users/alfonsoghislieri/Coding/Oyster-Cards/lib/journey_log.rb": {
        "lines": [
          null,
          1,
          null,
          1,
          null,
          1,
          29,
          29,
          29,
          29,
          null,
          null,
          1,
          3,
          null,
          null,
          1,
          12,
          12,
          12,
          12,
          null,
          null,
          1,
          9,
          9,
          9,
          null,
          null,
          1,
          0,
          null,
          null,
          1,
          14,
          14,
          14,
          14,
          14,
          null,
          null,
          null
        ]
      },
      "/Users/alfonsoghislieri/Coding/Oyster-Cards/spec/journey_spec.rb": {
        "lines": [
          1,
          null,
          1,
          null,
          1,
          1,
          1,
          null,
          null,
          1,
          1,
          1,
          null,
          null,
          1,
          1,
          1,
          1,
          1,
          null,
          null,
          1,
          1,
          1,
          1,
          1,
          null,
          null,
          1,
          1,
          1,
          null,
          null,
          null
        ]
      },
      "/Users/alfonsoghislieri/Coding/Oyster-Cards/lib/journey.rb": {
        "lines": [
          1,
          1,
          null,
          1,
          22,
          null,
          null,
          1,
          6,
          6,
          5,
          1,
          1,
          1,
          null,
          0,
          null,
          null,
          null,
          null,
          1,
          6,
          4,
          4,
          4,
          null,
          0,
          null,
          2,
          2,
          1,
          1,
          null,
          1,
          null,
          null,
          null,
          null,
          1,
          2,
          2,
          2,
          1,
          0,
          null,
          null
        ]
      },
      "/Users/alfonsoghislieri/Coding/Oyster-Cards/spec/oystercard_spec.rb": {
        "lines": [
          1,
          null,
          1,
          null,
          1,
          1,
          null,
          null,
          1,
          null,
          1,
          1,
          null,
          null,
          1,
          1,
          1,
          1,
          null,
          null,
          1,
          2,
          null,
          null,
          1,
          1,
          1,
          4,
          null,
          null,
          1,
          1,
          null,
          null,
          1,
          2,
          null,
          null,
          null,
          null,
          1,
          null,
          1,
          1,
          1,
          1,
          null,
          null,
          1,
          2,
          null,
          null,
          1,
          1,
          1,
          2,
          null,
          null,
          null,
          1,
          null,
          1,
          1,
          null,
          null,
          1,
          1,
          null,
          null,
          1,
          1,
          1,
          1,
          null,
          null,
          1,
          1,
          null,
          null,
          1,
          1,
          1,
          1,
          1,
          null,
          null,
          1,
          2,
          null,
          null,
          1,
          1,
          1,
          4,
          null,
          null,
          null
        ]
      },
      "/Users/alfonsoghislieri/Coding/Oyster-Cards/lib/oystercard.rb": {
        "lines": [
          1,
          1,
          null,
          1,
          null,
          1,
          1,
          1,
          1,
          null,
          1,
          17,
          17,
          17,
          17,
          17,
          null,
          null,
          1,
          10,
          9,
          null,
          null,
          1,
          5,
          4,
          4,
          0,
          0,
          null,
          4,
          null,
          null,
          1,
          3,
          3,
          3,
          3,
          null,
          null,
          1,
          null,
          1,
          5,
          4,
          null,
          null,
          1,
          10,
          null,
          null,
          1,
          10,
          null,
          null
        ]
      },
      "/Users/alfonsoghislieri/Coding/Oyster-Cards/lib/station.rb": {
        "lines": [
          1,
          1,
          1,
          16,
          16,
          null,
          null,
          null,
          1,
          16,
          16,
          null,
          null,
          null
        ]
      },
      "/Users/alfonsoghislieri/Coding/Oyster-Cards/spec/station_spec.rb": {
        "lines": [
          1,
          null,
          1,
          null,
          1,
          5,
          null,
          1,
          1,
          null,
          null,
          1,
          1,
          null,
          null,
          1,
          1,
          null,
          null,
          1,
          1,
          null,
          null,
          null
        ]
      }
    },
    "timestamp": 1637682932
  }
}
